[INFO ] [2020/11/19 14:28:25:087 org.hibernate.Version-logVersion] : HHH000412: Hibernate ORM core version 5.4.22.Final
[INFO ] [2020/11/19 14:28:25:730 org.hibernate.annotations.common.reflection.java.JavaReflectionManager-<clinit>] : HCANN000001: Hibernate Commons Annotations {5.1.0.Final}
[WARN ] [2020/11/19 14:28:25:880 org.hibernate.engine.jdbc.connections.internal.DriverManagerConnectionProviderImpl-configure] : HHH10001002: Using Hibernate built-in connection pool (not for production use!)
[INFO ] [2020/11/19 14:28:25:881 org.hibernate.engine.jdbc.connections.internal.DriverManagerConnectionProviderImpl-buildCreator] : HHH10001005: using driver [oracle.jdbc.driver.OracleDriver] at URL [jdbc:oracle:thin:@localhost:1521/XEPDB1]
[INFO ] [2020/11/19 14:28:25:882 org.hibernate.engine.jdbc.connections.internal.DriverManagerConnectionProviderImpl-buildCreator] : HHH10001001: Connection properties: {password=****, user=group4}
[INFO ] [2020/11/19 14:28:25:882 org.hibernate.engine.jdbc.connections.internal.DriverManagerConnectionProviderImpl-buildCreator] : HHH10001003: Autocommit mode: false
[INFO ] [2020/11/19 14:28:25:885 org.hibernate.engine.jdbc.connections.internal.DriverManagerConnectionProviderImpl$PooledConnections-<init>] : HHH000115: Hibernate connection pool size: 20 (min=1)
[INFO ] [2020/11/19 14:28:26:061 org.hibernate.dialect.Dialect-<init>] : HHH000400: Using dialect: org.hibernate.dialect.Oracle12cDialect
[INFO ] [2020/11/25 23:20:43:141 org.hibernate.Version-logVersion] : HHH000412: Hibernate ORM core version 5.4.22.Final
[INFO ] [2020/11/25 23:20:44:009 org.hibernate.annotations.common.reflection.java.JavaReflectionManager-<clinit>] : HCANN000001: Hibernate Commons Annotations {5.1.0.Final}
[WARN ] [2020/11/25 23:20:44:284 org.hibernate.engine.jdbc.connections.internal.DriverManagerConnectionProviderImpl-configure] : HHH10001002: Using Hibernate built-in connection pool (not for production use!)
[INFO ] [2020/11/25 23:20:44:286 org.hibernate.engine.jdbc.connections.internal.DriverManagerConnectionProviderImpl-buildCreator] : HHH10001005: using driver [oracle.jdbc.driver.OracleDriver] at URL [jdbc:oracle:thin:@localhost:1521/XEPDB1]
[INFO ] [2020/11/25 23:20:44:287 org.hibernate.engine.jdbc.connections.internal.DriverManagerConnectionProviderImpl-buildCreator] : HHH10001001: Connection properties: {password=****, user=group4}
[INFO ] [2020/11/25 23:20:44:288 org.hibernate.engine.jdbc.connections.internal.DriverManagerConnectionProviderImpl-buildCreator] : HHH10001003: Autocommit mode: false
[INFO ] [2020/11/25 23:20:44:292 org.hibernate.engine.jdbc.connections.internal.DriverManagerConnectionProviderImpl$PooledConnections-<init>] : HHH000115: Hibernate connection pool size: 20 (min=1)
[INFO ] [2020/11/25 23:20:44:645 org.hibernate.dialect.Dialect-<init>] : HHH000400: Using dialect: org.hibernate.dialect.Oracle12cDialect
[INFO ] [2020/11/25 23:21:20:411 org.hibernate.Version-logVersion] : HHH000412: Hibernate ORM core version 5.4.22.Final
[INFO ] [2020/11/25 23:21:21:260 org.hibernate.annotations.common.reflection.java.JavaReflectionManager-<clinit>] : HCANN000001: Hibernate Commons Annotations {5.1.0.Final}
[WARN ] [2020/11/25 23:21:21:539 org.hibernate.engine.jdbc.connections.internal.DriverManagerConnectionProviderImpl-configure] : HHH10001002: Using Hibernate built-in connection pool (not for production use!)
[INFO ] [2020/11/25 23:21:21:541 org.hibernate.engine.jdbc.connections.internal.DriverManagerConnectionProviderImpl-buildCreator] : HHH10001005: using driver [oracle.jdbc.driver.OracleDriver] at URL [jdbc:oracle:thin:@localhost:1521/XEPDB1]
[INFO ] [2020/11/25 23:21:21:542 org.hibernate.engine.jdbc.connections.internal.DriverManagerConnectionProviderImpl-buildCreator] : HHH10001001: Connection properties: {password=****, user=group4}
[INFO ] [2020/11/25 23:21:21:543 org.hibernate.engine.jdbc.connections.internal.DriverManagerConnectionProviderImpl-buildCreator] : HHH10001003: Autocommit mode: false
[INFO ] [2020/11/25 23:21:21:546 org.hibernate.engine.jdbc.connections.internal.DriverManagerConnectionProviderImpl$PooledConnections-<init>] : HHH000115: Hibernate connection pool size: 20 (min=1)
[INFO ] [2020/11/25 23:21:21:804 org.hibernate.dialect.Dialect-<init>] : HHH000400: Using dialect: org.hibernate.dialect.Oracle12cDialect
